make.exe all --print-data-base --no-builtin-variables --no-builtin-rules --question
make.exe: *** No rule to make target 'all'.  Stop.
 
# GNU Make 4.2.1
# Built for x86_64-w64-mingw32
# Copyright (C) 1988-2016 Free Software Foundation, Inc.
# License GPLv3+: GNU GPL version 3 or later <http://gnu.org/licenses/gpl.html>
# This is free software: you are free to change and redistribute it.
# There is NO WARRANTY, to the extent permitted by law.

# Make data base, printed on Tue Jun 15 21:05:26 2021

# Variables

# 'override' directive
GNUMAKEFLAGS := 
# automatic
<D = $(patsubst %/,%,$(patsubst %\,%,$(dir $<)))
# automatic
?F = $(notdir $?)
# default
.SHELLFLAGS := -c
# makefile
MAKEFLAGS = pqrR
# environment
VSCODE_LOG_NATIVE = false
# environment
PYCHARM PROFESSIONAL EDITION WITH ANACONDA PLUGIN = C:\Program Files\JetBrains\PyCharm Professional Edition with Anaconda plugin 2020.3.1\bin;
# automatic
?D = $(patsubst %/,%,$(patsubst %\,%,$(dir $?)))
# automatic
@D = $(patsubst %/,%,$(patsubst %\,%,$(dir $@)))
# environment
HOMEDRIVE = C:
# automatic
@F = $(notdir $@)
# automatic
^D = $(patsubst %/,%,$(patsubst %\,%,$(dir $^)))
# makefile
CURDIR := c:/Users/sunhu/Desktop/tmp/Study-daily/CS/CSE 251 Programming in C
# default
SHELL := sh.exe
# environment
CLION = C:\Program Files\JetBrains\CLion 2020.3.1\bin;
# environment
WINDIR = C:\WINDOWS
# environment
VSCODE_NLS_CONFIG = {"locale":"zh-cn","availableLanguages":{"*":"zh-cn"},"_languagePackId":"bfd4776fe9d45b2a33dcdc5b9599aebe.zh-cn","_translationsConfigFile":"C:\\Users\\sunhu\\AppData\\Roaming\\Code\\clp\\bfd4776fe9d45b2a33dcdc5b9599aebe.zh-cn\\tcf.json","_cacheRoot":"C:\\Users\\sunhu\\AppData\\Roaming\\Code\\clp\\bfd4776fe9d45b2a33dcdc5b9599aebe.zh-cn","_resolvedLanguagePackCoreLocation":"C:\\Users\\sunhu\\AppData\\Roaming\\Code\\clp\\bfd4776fe9d45b2a33dcdc5b9599aebe.zh-cn\\b4c1bd0a9b03c749ea011b06c6d2676c8091a70c","_corruptedFile":"C:\\Users\\sunhu\\AppData\\Roaming\\Code\\clp\\bfd4776fe9d45b2a33dcdc5b9599aebe.zh-cn\\corrupted.info","_languagePackSupport":true}
# environment
ONEDRIVE = C:\Users\sunhu\OneDrive
# environment
PATHEXT = .COM;.EXE;.BAT;.CMD;.VBS;.VBE;.JS;.JSE;.WSF;.WSH;.MSC
# makefile
MAKEFILE_LIST := 
# environment
FPS_BROWSER_USER_PROFILE_STRING = Default
# environment
VSCODE_NODE_CACHED_DATA_DIR = C:\Users\sunhu\AppData\Roaming\Code\CachedData\b4c1bd0a9b03c749ea011b06c6d2676c8091a70c
# environment
TMP = C:\Users\sunhu\AppData\Local\Temp
# environment
VSCODE_VERBOSE_LOGGING = true
# environment
PROGRAMW6432 = C:\Program Files
# environment
PROGRAMDATA = C:\ProgramData
# environment
VSCODE_IPC_HOOK_EXTHOST = \\.\pipe\vscode-ipc-e7a1624a-2a83-47ac-a9f6-704ed00f7585-sock
# environment
VSCODE_CWD = C:\WINDOWS\system32
# environment
SMLNJ_HOME = C:\Program Files (x86)\SMLNJ\
# default
MAKE_HOST := x86_64-w64-mingw32
# environment
PATH = C:\Program Files (x86)\Common Files\Oracle\Java\javapath;C:\WINDOWS\system32;C:\WINDOWS;C:\WINDOWS\System32\Wbem;C:\WINDOWS\System32\WindowsPowerShell\v1.0\;C:\WINDOWS\System32\OpenSSH\;C:\Users\sunhu\.jdks\corretto-1.8.0_292\bin;C:\Program Files\Git\cmd;C:\Program Files\Intel\WiFi\bin\;C:\Program Files\Common Files\Intel\WirelessCommon\;%GRADLE_HOME%\bin;C:\Program Files\nodejs\;C:\Program Files (x86)\IVI Foundation\VISA\WinNT\Bin;C:\Users\sunhu\Documents\Study\Tool\hugo;C:\Users\sunhu\AppData\Local\Programs\Python\Python39;C:\Users\sunhu\Documents\Study\Tool\jad;C:\Users\sunhu\AppData\Local\Programs\Python\Python39\Scripts;C:\Users\sunhu\Documents\Study\Tool\cmd;C:\Program Files\Go\bin;C:\Program Files\dotnet\;C:\Program Files (x86)\SMLNJ\bin;C:\Users\sunhu\AppData\Local\Microsoft\WindowsApps;C:\Users\sunhu\AppData\Local\Programs\Microsoft VS Code\bin;C:\Users\sunhu\AppData\Roaming\npm;C:\Users\sunhu\node_global;C:\Program Files\JetBrains\GoLand 2020.3.1\bin;;C:\Program Files\JetBrains\IntelliJ IDEA 2020.2.3\bin;;C:\Program Files\JetBrains\IntelliJ IDEA 2020.2.3\plugins\maven\lib\maven3\bin;C:\Users\sunhu\AppData\Local\Microsoft\WindowsApps;C:\Program Files\JetBrains\CLion 2020.3.1\bin;;C:\mingw64\mingw64\bin;C:\Program Files\JetBrains\PyCharm 2020.3.3\bin;;C:\Program Files\JetBrains\PyCharm Professional Edition with Anaconda plugin 2020.3.1\bin;;C:\Users\sunhu\go\bin;C:\Users\sunhu\Documents\Study\Tool\apache-tomcat-9.0.45\bin;C:\Exercism;C:\Users\sunhu\Documents\Study\Tool\nmap-7.91;
# environment
COMMONPROGRAMW6432 = C:\Program Files\Common Files
# environment
PROCESSOR_ARCHITECTURE = AMD64
# environment
USERPROFILE = C:\Users\sunhu
# environment
ALLUSERSPROFILE = C:\ProgramData
# environment
GOPATH = C:\Users\sunhu\go
# environment
VSCODE_LOG_STACK = false
# environment
NUMBER_OF_PROCESSORS = 8
# environment
ELECTRON_RUN_AS_NODE = 1
# default
.FEATURES := target-specific order-only second-expansion else-if shortest-stem undefine oneshell archives jobserver output-sync
# environment
INTELLIJ IDEA = C:\Program Files\JetBrains\IntelliJ IDEA 2020.2.3\bin;
# automatic
%F = $(notdir $%)
# environment
CHROME_CRASHPAD_PIPE_NAME = \\.\pipe\crashpad_2808_MMCBJPHOCFZPYSMP
# environment
VSCODE_PIPE_LOGGING = true
# environment
COMPUTERNAME = LIFEOVERFLOW
# environment
PROGRAMFILES = C:\Program Files
# environment
GOLAND = C:\Program Files\JetBrains\GoLand 2020.3.1\bin;
# default
.LOADED := 
# environment
DRIVERDATA = C:\Windows\System32\Drivers\DriverData
# environment
ORIGINAL_XDG_CURRENT_DESKTOP = undefined
# environment
USERNAME = sunhu
# environment
PUBLIC = C:\Users\Public
# environment
VSCODE_AMD_ENTRYPOINT = vs/workbench/services/extensions/node/extensionHostProcess
# environment
APPLICATION_INSIGHTS_NO_DIAGNOSTIC_CHANNEL = true
# environment
COMMONPROGRAMFILES = C:\Program Files\Common Files
# environment
LOGONSERVER = \\LIFEOVERFLOW
# environment
VSCODE_HANDLES_UNCAUGHT_ERRORS = true
# environment
USERDOMAIN = LIFEOVERFLOW
# environment
MAKELEVEL := 0
# default
MAKE = $(MAKE_COMMAND)
# default
MAKECMDGOALS := all
# environment
JAVA_HOME = C:\Users\sunhu\.jdks\corretto-1.8.0_292
# default
MAKE_VERSION := 4.2.1
# makefile
.DEFAULT_GOAL := 
# environment
CLASSPATH = .;C:\Users\sunhu\.jdks\corretto-1.8.0_292\dt.jar;C:\Users\sunhu\.jdks\corretto-1.8.0_292\lib\tools.jar;
# environment
PROGRAMFILES(X86) = C:\Program Files (x86)
# automatic
%D = $(patsubst %/,%,$(patsubst %\,%,$(dir $%)))
# environment
LOCALAPPDATA = C:\Users\sunhu\AppData\Local
# environment
PSMODULEPATH = C:\Program Files\WindowsPowerShell\Modules;C:\WINDOWS\system32\WindowsPowerShell\v1.0\Modules
# default
MAKE_COMMAND := make.exe
# default
.VARIABLES := 
# automatic
*F = $(notdir $*)
# environment
PROCESSOR_IDENTIFIER = Intel64 Family 6 Model 142 Stepping 10, GenuineIntel
# environment
OS = Windows_NT
# environment
VSCODE_IPC_HOOK = \\.\pipe\0a6bdecde2491327469459a147a1fefe-1.57.0-main-sock
# environment
HOMEPATH = \Users\sunhu
# environment
COMMONPROGRAMFILES(X86) = C:\Program Files (x86)\Common Files
# environment
PROMPT = $P$G
# environment
MFLAGS = -pqrR
# automatic
*D = $(patsubst %/,%,$(patsubst %\,%,$(dir $*)))
# environment
SYSTEMROOT = C:\WINDOWS
# automatic
+D = $(patsubst %/,%,$(patsubst %\,%,$(dir $+)))
# automatic
+F = $(notdir $+)
# environment
APPDATA = C:\Users\sunhu\AppData\Roaming
# environment
VXIPNPPATH = C:\Program Files (x86)\IVI Foundation\VISA\
# environment
TEMP = C:\Users\sunhu\AppData\Local\Temp
# environment
COMSPEC = C:\WINDOWS\system32\cmd.exe
# default
MAKEFILES := 
# automatic
<F = $(notdir $<)
# environment
LC_ALL = C
# automatic
^F = $(notdir $^)
# default
SUFFIXES := 
# environment
SYSTEMDRIVE = C:
# environment
SESSIONNAME = Console
# environment
PROCESSOR_REVISION = 8e0a
# environment
PYCHARM = C:\Program Files\JetBrains\PyCharm 2020.3.3\bin;
# default
.RECIPEPREFIX := 
# environment
LANG = C
# environment
PROCESSOR_LEVEL = 6
# environment
FPS_BROWSER_APP_PROFILE_STRING = Internet Explorer
# environment
VSCODE_PID = 2808
# environment
USERDOMAIN_ROAMINGPROFILE = LIFEOVERFLOW
# variable set hash-table stats:
# Load=102/1024=10%, Rehash=0, Collisions=16/120=13%

# Pattern-specific Variable Values

# No pattern-specific variable values.

# Directories

# . (key c:/Users/sunhu/Desktop/tmp/Study-daily/CS/CSE 251 Programming in C, mtime 1623678321): 6 files, no impossibilities.

# 6 files, no impossibilities in 1 directories.

# Implicit Rules

# No implicit rules.

# Files

# Not a target:
all:
#  Command line target.
#  Implicit rule search has been done.
#  File does not exist.
#  File has not been updated.

# Not a target:
Makefile:
#  Implicit rule search has been done.
#  File does not exist.
#  File has been updated.
#  Failed to be updated.

# Not a target:
makefile:
#  Implicit rule search has been done.
#  File does not exist.
#  File has been updated.
#  Failed to be updated.

# Not a target:
makefile.mak:
#  Implicit rule search has been done.
#  File does not exist.
#  File has been updated.
#  Failed to be updated.

# Not a target:
.DEFAULT:
#  Implicit rule search has not been done.
#  Modification time never checked.
#  File has not been updated.

# Not a target:
GNUmakefile:
#  Implicit rule search has been done.
#  File does not exist.
#  File has been updated.
#  Failed to be updated.

# files hash-table stats:
# Load=7/1024=1%, Rehash=0, Collisions=0/16=0%
# VPATH Search Paths

# No 'vpath' search paths.

# No general ('VPATH' variable) search path.

# strcache buffers: 1 (0) / strings = 13 / storage = 103 B / avg = 7 B
# current buf: size = 8162 B / used = 103 B / count = 13 / avg = 7 B

# strcache performance: lookups = 15 / hit rate = 13%
# hash-table stats:
# Load=13/8192=0%, Rehash=0, Collisions=1/15=7%
# Finished Make data base on Tue Jun 15 21:05:26 2021

 
